Loading apps/openfoam/v2412
  Loading requirement: tools/binutils_isl/2.42-0.26 tools/compiler/aocc/4.2.0
    tools/aocl/4.2.0/aocc tools/hpcx/2.18/aocc-4.2.0_ucx-1.16.0
    tools/gmp/6.3.0/aocc-4.2.0 tools/mpfr/4.2.1/aocc-4.2.0
    tools/mpc/1.3.1/aocc-4.2.0

real	10m32.868s
user	2m43.340s
sys	6m50.473s
Restore 0/ from 0.orig/  [processor dirs]

real	0m21.294s
user	0m0.008s
sys	0m0.030s

real	0m47.494s
user	0m0.007s
sys	0m0.038s

real	0m18.410s
user	0m0.014s
sys	0m0.018s

real	46m8.784s
user	0m2.033s
sys	0m4.244s
